2021-05-19 00:49:36,865 - INFO - server_log_config -  Логирование включено!
2021-05-19 00:49:36,868 - WARNING - server -  Сервер запущен в продакшен режиме
2021-05-19 00:49:53,637 - INFO - server -  Получен запрос {'action': 'authenticate', 'time': '1621374593.633905', 'user': {'15f2685cb7d3aeb4e1789ba70f3b98db3544766633959d4a33dc88dfd057f8bc': 'Виктор'}}
2021-05-19 00:49:53,652 - INFO - server -  Функция  request вызвана из функции main с аргументами {'action': 'authenticate', 'time': '1621374593.633905', 'user': {'15f2685cb7d3aeb4e1789ba70f3b98db3544766633959d4a33dc88dfd057f8bc': 'Виктор'}}
2021-05-19 00:49:53,652 - INFO - server -  Запуск функции authenticate с запросом {'15f2685cb7d3aeb4e1789ba70f3b98db3544766633959d4a33dc88dfd057f8bc': 'Виктор'}
2021-05-19 00:49:53,654 - INFO - server -  Функция  authenticate вызвана из функции request с аргументами {'15f2685cb7d3aeb4e1789ba70f3b98db3544766633959d4a33dc88dfd057f8bc': 'Виктор'}
2021-05-19 00:49:53,654 - INFO - server -  15f2685cb7d3aeb4e1789ba70f3b98db3544766633959d4a33dc88dfd057f8bc, Пользователь Виктор вошел в чат
2021-05-19 00:49:53,654 - INFO - server -  Функция  responce вызвана из функции request с аргументами ('15f2685cb7d3aeb4e1789ba70f3b98db3544766633959d4a33dc88dfd057f8bc', 200, 'Пользователь Виктор вошел в чат')
2021-05-19 00:49:53,654 - INFO - server -  Отправка ответа на запрос: {'15f2685cb7d3aeb4e1789ba70f3b98db3544766633959d4a33dc88dfd057f8bc': {'response': 200, 'alert': 'Пользователь Виктор вошел в чат'}}
2021-05-19 00:50:04,992 - INFO - server -  Получен запрос {'action': 'get_user_list', 'time': '1621374604.992327'}
2021-05-19 00:50:04,993 - INFO - server -  Функция  request вызвана из функции main с аргументами {'action': 'get_user_list', 'time': '1621374604.992327'}
2021-05-19 00:50:04,993 - INFO - server -  Функция  responce вызвана из функции request с аргументами [None, 500, 'Сервис в разработке']
2021-05-19 00:50:04,993 - INFO - server -  Отправка ответа на запрос: {None: {'response': 500, 'alert': 'Сервис в разработке'}}
2021-05-19 00:51:49,831 - INFO - server -  Получен запрос {'action': 'send_message', 'time': '1621374709.831454', 'user': {'15f2685cb7d3aeb4e1789ba70f3b98db3544766633959d4a33dc88dfd057f8bc': 'Виктор'}}
2021-05-19 00:51:49,832 - INFO - server -  Функция  request вызвана из функции main с аргументами {'action': 'send_message', 'time': '1621374709.831454', 'user': {'15f2685cb7d3aeb4e1789ba70f3b98db3544766633959d4a33dc88dfd057f8bc': 'Виктор'}}
2021-05-19 00:51:49,832 - INFO - server -  Функция  responce вызвана из функции request с аргументами [None, 500, 'Сервис в разработке']
2021-05-19 00:51:49,832 - INFO - server -  Отправка ответа на запрос: {None: {'response': 500, 'alert': 'Сервис в разработке'}}
2021-05-19 00:52:27,385 - INFO - server -  Получен запрос {'action': 'leave', 'time': '1621374747.384872', 'user': {'15f2685cb7d3aeb4e1789ba70f3b98db3544766633959d4a33dc88dfd057f8bc': 'Виктор'}}
2021-05-19 00:52:27,385 - INFO - server -  Функция  request вызвана из функции main с аргументами {'action': 'leave', 'time': '1621374747.384872', 'user': {'15f2685cb7d3aeb4e1789ba70f3b98db3544766633959d4a33dc88dfd057f8bc': 'Виктор'}}
2021-05-19 00:52:27,385 - INFO - server -  Запуск функции leave с запросом {'15f2685cb7d3aeb4e1789ba70f3b98db3544766633959d4a33dc88dfd057f8bc': 'Виктор'}
2021-05-19 00:52:27,386 - INFO - server -  Функция  leave вызвана из функции request с аргументами {'15f2685cb7d3aeb4e1789ba70f3b98db3544766633959d4a33dc88dfd057f8bc': 'Виктор'}
2021-05-19 00:52:27,386 - INFO - server -  Функция  responce вызвана из функции request с аргументами <generator object leave at 0x7f97501cd0b0>
2021-05-19 00:52:27,387 - INFO - server -  Сервер ждет новых подключений от пользоватлей
