2021-05-17 00:17:41,303 - INFO - client_log_config -  Логирование включено!
2021-05-17 00:17:41,304 - INFO - client1 -  Сформирован уникальный идентификатор 15f2685cb7d3aeb4e1789ba70f3b98db3544766633959d4a33dc88dfd057f8bc
2021-05-17 00:17:41,306 - INFO - client1 -  Соединение с сервером прошло удачно:  Виктор
2021-05-17 00:17:41,306 - INFO - client1 -  Сообщение отправленно:  {'action': 'authenticate', 'time': '1621199861.304102', 'user': {'15f2685cb7d3aeb4e1789ba70f3b98db3544766633959d4a33dc88dfd057f8bc': 'Виктор'}}
2021-05-17 00:17:41,307 - INFO - client1 -  Сообщение получено:  {'15f2685cb7d3aeb4e1789ba70f3b98db3544766633959d4a33dc88dfd057f8bc': {'response': 200, 'alert': 'Пользователь Виктор вошел в чат'}}
2021-05-17 00:17:41,307 - WARNING - client1 -  Клиент запущен в продакшен режиме
2021-05-17 00:18:35,583 - ERROR - client1 -  Пользователь выбрал неверное значение в списке доступных
2021-05-17 00:19:17,483 - INFO - client_log_config -  Логирование включено!
2021-05-17 00:19:17,483 - INFO - client1 -  Сформирован уникальный идентификатор 15f2685cb7d3aeb4e1789ba70f3b98db3544766633959d4a33dc88dfd057f8bc
2021-05-17 00:19:17,485 - INFO - client1 -  Соединение с сервером прошло удачно:  Виктор
2021-05-17 00:19:17,485 - INFO - client1 -  Сообщение отправленно:  {'action': 'authenticate', 'time': '1621199957.48343', 'user': {'15f2685cb7d3aeb4e1789ba70f3b98db3544766633959d4a33dc88dfd057f8bc': 'Виктор'}}
2021-05-17 00:19:17,486 - INFO - client1 -  Сообщение получено:  {'15f2685cb7d3aeb4e1789ba70f3b98db3544766633959d4a33dc88dfd057f8bc': {'response': 200, 'alert': 'Пользователь Виктор вошел в чат'}}
2021-05-17 00:19:17,486 - WARNING - client1 -  Клиент запущен в продакшен режиме
2021-05-17 00:19:38,525 - INFO - client1 -  Пользователь выбрал : get_user_list
2021-05-17 00:19:38,525 - INFO - client1 -  Сообщение отправленно:  {'action': 'get_user_list', 'time': '1621199978.5254169'}
2021-05-17 00:19:38,526 - INFO - client1 -  Сообщение получено:  {'null': {'response': 500, 'alert': 'Сервис в разработке'}}
2021-05-17 00:19:40,519 - INFO - client1 -  Пользователь выбрал : send_message
2021-05-17 00:19:40,519 - INFO - client1 -  Сообщение отправленно:  {'action': 'send_message', 'time': '1621199980.519613', 'user': {'15f2685cb7d3aeb4e1789ba70f3b98db3544766633959d4a33dc88dfd057f8bc': 'Виктор'}}
2021-05-17 00:19:40,520 - INFO - client1 -  Сообщение получено:  {'null': {'response': 500, 'alert': 'Сервис в разработке'}}
2021-05-17 00:19:42,831 - ERROR - client1 -  Пользователь выбрал неверное значение в списке доступных
2021-05-17 00:20:18,708 - ERROR - client1 -  Пользователь выбрал неверное значение в списке доступных
2021-05-17 00:20:18,708 - ERROR - client1 -  Пользователь выбрал неверное значение в списке доступных
2021-05-17 00:20:25,183 - INFO - client1 -  Пользователь выбрал : leave
2021-05-17 00:20:25,184 - INFO - client1 -  Сообщение отправленно:  {'action': 'leave', 'time': '1621200025.1841311', 'user': {'15f2685cb7d3aeb4e1789ba70f3b98db3544766633959d4a33dc88dfd057f8bc': 'Виктор'}}
