2021-05-17 00:04:19,893 - INFO - server -  Получен запрос {'action': 'send_message', 'time': '1621199059.8925922', 'user': {'15f2685cb7d3aeb4e1789ba70f3b98db3544766633959d4a33dc88dfd057f8bc': 'Виктор'}}
2021-05-17 00:04:19,895 - INFO - server -  Отправка ответа на запрос: {None: {'response': 500, 'alert': 'Сервис в разработке'}}
2021-05-17 00:04:49,771 - INFO - server -  Получен запрос {'action': 'get_user_list', 'time': '1621199089.771534'}
2021-05-17 00:04:49,772 - INFO - server -  Отправка ответа на запрос: {None: {'response': 500, 'alert': 'Сервис в разработке'}}
2021-05-17 00:04:51,230 - INFO - server -  Получен запрос {'action': 'leave', 'time': '1621199091.229784', 'user': {'15f2685cb7d3aeb4e1789ba70f3b98db3544766633959d4a33dc88dfd057f8bc': 'Виктор'}}
2021-05-17 00:04:51,230 - INFO - server -  Запуск функции leave с запросом {'15f2685cb7d3aeb4e1789ba70f3b98db3544766633959d4a33dc88dfd057f8bc': 'Виктор'}
2021-05-17 00:04:51,230 - INFO - server -  Сервер ждет новых подключений от пользоватлей
2021-05-17 00:16:45,507 - INFO - server_log_config -  Логирование включено!
2021-05-17 00:16:45,509 - WARNING - server -  Сервер запущен в продакшен режиме
2021-05-17 00:17:41,306 - INFO - server -  Получен запрос {'action': 'authenticate', 'time': '1621199861.304102', 'user': {'15f2685cb7d3aeb4e1789ba70f3b98db3544766633959d4a33dc88dfd057f8bc': 'Виктор'}}
2021-05-17 00:17:41,307 - INFO - server -  Запуск функции authenticate с запросом {'15f2685cb7d3aeb4e1789ba70f3b98db3544766633959d4a33dc88dfd057f8bc': 'Виктор'}
2021-05-17 00:17:41,307 - INFO - server -  15f2685cb7d3aeb4e1789ba70f3b98db3544766633959d4a33dc88dfd057f8bc, Пользователь Виктор вошел в чат
2021-05-17 00:17:41,307 - INFO - server -  Отправка ответа на запрос: {'15f2685cb7d3aeb4e1789ba70f3b98db3544766633959d4a33dc88dfd057f8bc': {'response': 200, 'alert': 'Пользователь Виктор вошел в чат'}}
2021-05-17 00:18:56,365 - INFO - server -  Сервер ждет новых подключений от пользоватлей
2021-05-17 00:19:17,485 - INFO - server -  Получен запрос {'action': 'authenticate', 'time': '1621199957.48343', 'user': {'15f2685cb7d3aeb4e1789ba70f3b98db3544766633959d4a33dc88dfd057f8bc': 'Виктор'}}
2021-05-17 00:19:17,486 - INFO - server -  Запуск функции authenticate с запросом {'15f2685cb7d3aeb4e1789ba70f3b98db3544766633959d4a33dc88dfd057f8bc': 'Виктор'}
2021-05-17 00:19:17,486 - INFO - server -  15f2685cb7d3aeb4e1789ba70f3b98db3544766633959d4a33dc88dfd057f8bc, Пользователь Виктор вошел в чат
2021-05-17 00:19:17,486 - INFO - server -  Отправка ответа на запрос: {'15f2685cb7d3aeb4e1789ba70f3b98db3544766633959d4a33dc88dfd057f8bc': {'response': 200, 'alert': 'Пользователь Виктор вошел в чат'}}
2021-05-17 00:19:38,525 - INFO - server -  Получен запрос {'action': 'get_user_list', 'time': '1621199978.5254169'}
2021-05-17 00:19:38,526 - INFO - server -  Отправка ответа на запрос: {None: {'response': 500, 'alert': 'Сервис в разработке'}}
2021-05-17 00:19:40,519 - INFO - server -  Получен запрос {'action': 'send_message', 'time': '1621199980.519613', 'user': {'15f2685cb7d3aeb4e1789ba70f3b98db3544766633959d4a33dc88dfd057f8bc': 'Виктор'}}
2021-05-17 00:19:40,520 - INFO - server -  Отправка ответа на запрос: {None: {'response': 500, 'alert': 'Сервис в разработке'}}
2021-05-17 00:20:25,184 - INFO - server -  Получен запрос {'action': 'leave', 'time': '1621200025.1841311', 'user': {'15f2685cb7d3aeb4e1789ba70f3b98db3544766633959d4a33dc88dfd057f8bc': 'Виктор'}}
2021-05-17 00:20:25,184 - INFO - server -  Запуск функции leave с запросом {'15f2685cb7d3aeb4e1789ba70f3b98db3544766633959d4a33dc88dfd057f8bc': 'Виктор'}
2021-05-17 00:20:25,184 - INFO - server -  Сервер ждет новых подключений от пользоватлей
